{
  "stats": {
    "suites": 1,
    "tests": 4,
    "passes": 4,
    "pending": 0,
    "failures": 0,
    "start": "2025-01-09T14:38:13.318Z",
    "end": "2025-01-09T14:38:14.974Z",
    "duration": 1656,
    "testsRegistered": 4,
    "passPercent": 100,
    "pendingPercent": 0,
    "other": 0,
    "hasOther": false,
    "skipped": 0,
    "hasSkipped": false
  },
  "results": [
    {
      "uuid": "ded56ef9-84fb-4823-8ce3-9d44c7e36801",
      "title": "",
      "fullFile": "cypress\\e2e\\API_Usermanage.cy.js",
      "file": "cypress\\e2e\\API_Usermanage.cy.js",
      "beforeHooks": [],
      "afterHooks": [],
      "tests": [],
      "suites": [
        {
          "uuid": "bdc8656f-6567-479d-8f2a-1ef14ab9700d",
          "title": "APIAutomation",
          "fullFile": "",
          "file": "",
          "beforeHooks": [],
          "afterHooks": [],
          "tests": [
            {
              "title": "GET - List Users",
              "fullTitle": "APIAutomation GET - List Users",
              "timedOut": null,
              "duration": 332,
              "state": "passed",
              "speed": "fast",
              "pass": true,
              "fail": false,
              "pending": false,
              "context": "{\n  \"title\": \"cypress-mochawesome-reporter-videos-passed\",\n  \"value\": \"cypress\\\\e2e\\\\API_Usermanage.cy.js\"\n}",
              "code": "cy.request('GET', 'https://reqres.in/api/users?page=2').then(response => {\n  // Assert the response status and data\n  expect(response.status).to.equal(200);\n  expect(response.body.data[0].last_name).to.equal('Lawson');\n});",
              "err": {},
              "uuid": "61d9f76e-3fec-492e-852a-4b662528010d",
              "parentUUID": "bdc8656f-6567-479d-8f2a-1ef14ab9700d",
              "isHook": false,
              "skipped": false
            },
            {
              "title": "POST - Create User",
              "fullTitle": "APIAutomation POST - Create User",
              "timedOut": null,
              "duration": 434,
              "state": "passed",
              "speed": "fast",
              "pass": true,
              "fail": false,
              "pending": false,
              "context": "{\n  \"title\": \"cypress-mochawesome-reporter-videos-passed\",\n  \"value\": \"cypress\\\\e2e\\\\API_Usermanage.cy.js\"\n}",
              "code": "const user = {\n  \"name\": \"morpheus\",\n  \"job\": \"leader\"\n};\ncy.request('POST', 'https://reqres.in/api/users', user).then(response => {\n  // Assert the response status and body data\n  expect(response.status).to.equal(201);\n  expect(response.body.name).to.equal(user.name);\n  expect(response.body.job).to.equal(user.job);\n});",
              "err": {},
              "uuid": "1e09dc8f-1993-4c7a-b779-ae47ebaa2f62",
              "parentUUID": "bdc8656f-6567-479d-8f2a-1ef14ab9700d",
              "isHook": false,
              "skipped": false
            },
            {
              "title": "PUT - Update User",
              "fullTitle": "APIAutomation PUT - Update User",
              "timedOut": null,
              "duration": 416,
              "state": "passed",
              "speed": "fast",
              "pass": true,
              "fail": false,
              "pending": false,
              "context": "{\n  \"title\": \"cypress-mochawesome-reporter-videos-passed\",\n  \"value\": \"cypress\\\\e2e\\\\API_Usermanage.cy.js\"\n}",
              "code": "const updatedUser = {\n  \"name\": \"morpheus\",\n  \"job\": \"zion resident\"\n};\ncy.request('PUT', 'https://reqres.in/api/users/2', updatedUser).then(response => {\n  // Assert the response status and updated data\n  expect(response.status).to.equal(200);\n  expect(response.body.name).to.equal(updatedUser.name);\n  expect(response.body.job).to.equal(updatedUser.job);\n});",
              "err": {},
              "uuid": "d8756480-e5d0-4338-9c5e-3294d4250975",
              "parentUUID": "bdc8656f-6567-479d-8f2a-1ef14ab9700d",
              "isHook": false,
              "skipped": false
            },
            {
              "title": "DELETE - Delete User",
              "fullTitle": "APIAutomation DELETE - Delete User",
              "timedOut": null,
              "duration": 322,
              "state": "passed",
              "speed": "fast",
              "pass": true,
              "fail": false,
              "pending": false,
              "context": "{\n  \"title\": \"cypress-mochawesome-reporter-videos-passed\",\n  \"value\": \"cypress\\\\e2e\\\\API_Usermanage.cy.js\"\n}",
              "code": "cy.request('DELETE', 'https://reqres.in/api/users/2').then(response => {\n  // Assert the response status for deletion\n  expect(response.status).to.equal(204);\n});",
              "err": {},
              "uuid": "04308716-cbdc-46a4-8494-65a7c27c233e",
              "parentUUID": "bdc8656f-6567-479d-8f2a-1ef14ab9700d",
              "isHook": false,
              "skipped": false
            }
          ],
          "suites": [],
          "passes": [
            "61d9f76e-3fec-492e-852a-4b662528010d",
            "1e09dc8f-1993-4c7a-b779-ae47ebaa2f62",
            "d8756480-e5d0-4338-9c5e-3294d4250975",
            "04308716-cbdc-46a4-8494-65a7c27c233e"
          ],
          "failures": [],
          "pending": [],
          "skipped": [],
          "duration": 1504,
          "root": false,
          "rootEmpty": false,
          "_timeout": 2000
        }
      ],
      "passes": [],
      "failures": [],
      "pending": [],
      "skipped": [],
      "duration": 0,
      "root": true,
      "rootEmpty": true,
      "_timeout": 2000
    }
  ],
  "meta": {
    "mocha": {
      "version": "7.0.1"
    },
    "mochawesome": {
      "options": {
        "quiet": false,
        "reportFilename": "mochawesome",
        "saveHtml": false,
        "saveJson": true,
        "consoleReporter": "spec",
        "useInlineDiffs": false,
        "code": true
      },
      "version": "7.1.3"
    },
    "marge": {
      "options": {
        "reportDir": "cypress\\reports\\.jsons",
        "overwrite": false,
        "html": false,
        "json": true
      },
      "version": "6.2.0"
    }
  }
}