{
  "stats": {
    "suites": 1,
    "tests": 1,
    "passes": 1,
    "pending": 0,
    "failures": 0,
    "start": "2024-12-02T07:05:04.077Z",
    "end": "2024-12-02T07:05:11.367Z",
    "duration": 7290,
    "testsRegistered": 1,
    "passPercent": 100,
    "pendingPercent": 0,
    "other": 0,
    "hasOther": false,
    "skipped": 0,
    "hasSkipped": false
  },
  "results": [
    {
      "uuid": "46a8846e-07ef-415e-b361-dbb6a82a9626",
      "title": "",
      "fullFile": "cypress\\e2e\\Week2POM.cy.js",
      "file": "cypress\\e2e\\Week2POM.cy.js",
      "beforeHooks": [],
      "afterHooks": [],
      "tests": [],
      "suites": [
        {
          "uuid": "92371be2-4b92-47b1-8ce1-eb6a7261a758",
          "title": "POM",
          "fullFile": "",
          "file": "",
          "beforeHooks": [],
          "afterHooks": [],
          "tests": [
            {
              "title": "POM",
              "fullTitle": "POM POM",
              "timedOut": null,
              "duration": 3665,
              "state": "passed",
              "speed": "fast",
              "pass": true,
              "fail": false,
              "pending": false,
              "context": null,
              "code": "const lp = new _LoginPage.default();\nlp.visit();\nlp.fillemail('DK');\nlp.fillpassword('admin');\nlp.Submit();\ncy.title().should('be.equal', 'Employee Information Portal');",
              "err": {},
              "uuid": "0f8cbba6-ab0f-4977-88ed-689b754e5b59",
              "parentUUID": "92371be2-4b92-47b1-8ce1-eb6a7261a758",
              "isHook": false,
              "skipped": false
            }
          ],
          "suites": [],
          "passes": [
            "0f8cbba6-ab0f-4977-88ed-689b754e5b59"
          ],
          "failures": [],
          "pending": [],
          "skipped": [],
          "duration": 3665,
          "root": false,
          "rootEmpty": false,
          "_timeout": 2000
        }
      ],
      "passes": [],
      "failures": [],
      "pending": [],
      "skipped": [],
      "duration": 0,
      "root": true,
      "rootEmpty": true,
      "_timeout": 2000
    }
  ],
  "meta": {
    "mocha": {
      "version": "7.0.1"
    },
    "mochawesome": {
      "options": {
        "quiet": false,
        "reportFilename": "mochawesome",
        "saveHtml": false,
        "saveJson": true,
        "consoleReporter": "spec",
        "useInlineDiffs": false,
        "code": true
      },
      "version": "7.1.3"
    },
    "marge": {
      "options": {
        "overwrite": false,
        "html": false,
        "json": true
      },
      "version": "6.2.0"
    }
  }
}