{
  "stats": {
    "suites": 1,
    "tests": 1,
    "passes": 1,
    "pending": 0,
    "failures": 0,
    "start": "2024-12-02T07:05:37.100Z",
    "end": "2024-12-02T07:05:45.634Z",
    "duration": 8534,
    "testsRegistered": 1,
    "passPercent": 100,
    "pendingPercent": 0,
    "other": 0,
    "hasOther": false,
    "skipped": 0,
    "hasSkipped": false
  },
  "results": [
    {
      "uuid": "7cd7e85c-7d03-4176-baf6-204c3c7c816b",
      "title": "",
      "fullFile": "cypress\\e2e\\xpathlocators.cy.js",
      "file": "cypress\\e2e\\xpathlocators.cy.js",
      "beforeHooks": [],
      "afterHooks": [],
      "tests": [],
      "suites": [
        {
          "uuid": "d2748b5f-e224-4595-a9d4-58e0f3d5d10a",
          "title": "xpathlocators",
          "fullFile": "",
          "file": "",
          "beforeHooks": [],
          "afterHooks": [],
          "tests": [
            {
              "title": "Xpath",
              "fullTitle": "xpathlocators Xpath",
              "timedOut": null,
              "duration": 5499,
              "state": "passed",
              "speed": "medium",
              "pass": true,
              "fail": false,
              "pending": false,
              "context": null,
              "code": "cy.visit('https://opensource-demo.orangehrmlive.com/web/index.php/auth/login'); //visit - built in comm\ncy.xpath(\"//input[@placeholder='Username']\").type(\"Admin\");\ncy.xpath(\"//input[@placeholder='Password']\").type(\"password\");\ncy.xpath(\"//button[normalize-space()='Login']\").click();",
              "err": {},
              "uuid": "65efe6a6-0fb6-4990-9215-80c717610160",
              "parentUUID": "d2748b5f-e224-4595-a9d4-58e0f3d5d10a",
              "isHook": false,
              "skipped": false
            }
          ],
          "suites": [],
          "passes": [
            "65efe6a6-0fb6-4990-9215-80c717610160"
          ],
          "failures": [],
          "pending": [],
          "skipped": [],
          "duration": 5499,
          "root": false,
          "rootEmpty": false,
          "_timeout": 2000
        }
      ],
      "passes": [],
      "failures": [],
      "pending": [],
      "skipped": [],
      "duration": 0,
      "root": true,
      "rootEmpty": true,
      "_timeout": 2000
    }
  ],
  "meta": {
    "mocha": {
      "version": "7.0.1"
    },
    "mochawesome": {
      "options": {
        "quiet": false,
        "reportFilename": "mochawesome",
        "saveHtml": false,
        "saveJson": true,
        "consoleReporter": "spec",
        "useInlineDiffs": false,
        "code": true
      },
      "version": "7.1.3"
    },
    "marge": {
      "options": {
        "overwrite": false,
        "html": false,
        "json": true
      },
      "version": "6.2.0"
    }
  }
}