{
  "stats": {
    "suites": 1,
    "tests": 1,
    "passes": 0,
    "pending": 0,
    "failures": 1,
    "start": "2024-12-02T07:03:21.889Z",
    "end": "2024-12-02T07:03:53.080Z",
    "duration": 31191,
    "testsRegistered": 1,
    "passPercent": 0,
    "pendingPercent": 0,
    "other": 0,
    "hasOther": false,
    "skipped": 0,
    "hasSkipped": false
  },
  "results": [
    {
      "uuid": "11d7358a-ea97-499d-9f29-afda6b93bd59",
      "title": "",
      "fullFile": "cypress\\e2e\\QaOnCloud.cy.js",
      "file": "cypress\\e2e\\QaOnCloud.cy.js",
      "beforeHooks": [],
      "afterHooks": [],
      "tests": [],
      "suites": [
        {
          "uuid": "7211f171-7136-45b0-8272-175ab8c86ddf",
          "title": "Qaoncloud",
          "fullFile": "",
          "file": "",
          "beforeHooks": [],
          "afterHooks": [],
          "tests": [
            {
              "title": "header",
              "fullTitle": "Qaoncloud header",
              "timedOut": null,
              "duration": 31044,
              "state": "failed",
              "speed": null,
              "pass": false,
              "fail": true,
              "pending": false,
              "context": null,
              "code": "cy.visit(\"https://www.qaoncloud.com/\");\ncy.title().should(\"be.eq\", \"QA Testing Services | Software Testing Services - QAonCloud\"); //verify title\ncy.url().should('include', 'qaoncloud') //verify text in URL\n.and('contain', 'com'); //verify text in URL\ncy.scrollTo(0, '10%');\n//Global services\ncy.get('.hotspot-content-overlay').should('be.visible');\ncy.get('#pin646f8c71dffdc190aade > .pin-loop-inner > .pin-loop-content > .pin-icon').trigger('mouseover');\ncy.wait(3000);\ncy.get('#pin646f8c71e0c7144bcbb3 > .pin-loop-inner > .pin-loop-content > .pin-icon').trigger('mouseover');\ncy.wait(9000);\n//Services\ncy.scrollTo(0, '30%');\ncy.get('#image-map-pro-3982 > .imp-wrap > .imp-zoom-outer-wrap > .imp-translate-wrap > .imp-zoom-wrap > .imp-main-image').should('be.visible');\n//Industries served\ncy.scrollTo(0, '35%');\ncy.get(\"div[id='slick-slide10'] a[class='title-item']\").click();\ncy.wait(3000);\ncy.get(\"div[id='slick-slide11'] h5[class='tab-titles_heading']\").click();\ncy.wait(3000);\ncy.get(\"div[id='slick-slide12'] h5[class='tab-titles_heading']\").click();\n//build great app\ncy.scrollTo(0, '70%');\ncy.get('.elementor-element-3cd64ed > .elementor-container').should('be.visible');\ncy.scrollTo(0, '85%');\ncy.get('.elementor-element-a93589e > .elementor-container').should('be.visible');\n//know more about Qoc\ncy.scrollTo(0, '95%');\ncy.get('.elementor-element-1191eac > .elementor-background-overlay').should('be.visible');\ncy.get('.elementor-element-e1d6dff > .elementor-widget-container > .ot-button > .octf-btn').click();\ncy.get('.ContactUs > .container').should('be.visible');\ncy.scrollTo(0, '25%');\ncy.get('form > [name=\"name\"]').type(\"swathi\");\ncy.get('form > [name=\"email\"]').type(\"swathi@qaoncloud.com\");\ncy.get('form > .onlyNumber').type('9876543278');\ncy.get('form > [name=\"companyname\"]').type(\"cloud\");\ncy.get('form > [name=\"role\"]').type(\"qa\");\n//cy.get('[data-aos=\"fade-left\"] > form > .g-recaptcha > [style=\"width: 304px; height: 78px;\"] > div > iframe').check().should('be.checked');",
              "err": {
                "message": "CypressError: `cy.visit()` failed trying to load:\n\nhttps://www.qaoncloud.com/\n\nWe attempted to make an http request to this URL but the request failed without a response.\n\nWe received this error at the network level:\n\n  > Error: ESOCKETTIMEDOUT\n\nCommon situations why this would fail:\n  - you don't have internet access\n  - you forgot to run / boot your web server\n  - your web server isn't accessible\n  - you have weird network configuration settings on your computer",
                "estack": "CypressError: `cy.visit()` failed trying to load:\n\nhttps://www.qaoncloud.com/\n\nWe attempted to make an http request to this URL but the request failed without a response.\n\nWe received this error at the network level:\n\n  > Error: ESOCKETTIMEDOUT\n\nCommon situations why this would fail:\n  - you don't have internet access\n  - you forgot to run / boot your web server\n  - your web server isn't accessible\n  - you have weird network configuration settings on your computer\n    at <unknown> (http://localhost:49707/__cypress/runner/cypress_runner.js:147682:82)\n    at visitFailedByErr (http://localhost:49707/__cypress/runner/cypress_runner.js:147074:12)\n    at <unknown> (http://localhost:49707/__cypress/runner/cypress_runner.js:147681:11)\n    at tryCatcher (http://localhost:49707/__cypress/runner/cypress_runner.js:18744:23)\n    at Promise._settlePromiseFromHandler (http://localhost:49707/__cypress/runner/cypress_runner.js:16679:31)\n    at Promise._settlePromise (http://localhost:49707/__cypress/runner/cypress_runner.js:16736:18)\n    at Promise._settlePromise0 (http://localhost:49707/__cypress/runner/cypress_runner.js:16781:10)\n    at Promise._settlePromises (http://localhost:49707/__cypress/runner/cypress_runner.js:16857:18)\n    at _drainQueueStep (http://localhost:49707/__cypress/runner/cypress_runner.js:13451:12)\n    at _drainQueue (http://localhost:49707/__cypress/runner/cypress_runner.js:13444:9)\n    at ../../node_modules/bluebird/js/release/async.js.Async._drainQueues (http://localhost:49707/__cypress/runner/cypress_runner.js:13460:5)\n    at Async.drainQueues (http://localhost:49707/__cypress/runner/cypress_runner.js:13330:14)\nFrom Your Spec Code:\n    at Context.eval (webpack:///./cypress/e2e/QaOnCloud.cy.js:12:11)\n\nFrom Node.js Internals:\n  Error: ESOCKETTIMEDOUT\n      at ClientRequest.<anonymous> (<embedded>:1969:73407)\n      at Object.onceWrapper (node:events:641:28)\n      at ClientRequest.emit (node:events:527:28)\n      at TLSSocket.emitRequestTimeout (node:_http_client:771:9)\n      at Object.onceWrapper (node:events:641:28)\n      at TLSSocket.emit (node:events:539:35)\n      at Socket._onTimeout (node:net:516:8)\n      at listOnTimeout (node:internal/timers:559:17)\n      at process.processTimers (node:internal/timers:502:7)",
                "diff": null
              },
              "uuid": "72e62bb9-de2c-490e-83b3-35e2c65d6cf8",
              "parentUUID": "7211f171-7136-45b0-8272-175ab8c86ddf",
              "isHook": false,
              "skipped": false
            }
          ],
          "suites": [],
          "passes": [],
          "failures": [
            "72e62bb9-de2c-490e-83b3-35e2c65d6cf8"
          ],
          "pending": [],
          "skipped": [],
          "duration": 31044,
          "root": false,
          "rootEmpty": false,
          "_timeout": 2000
        }
      ],
      "passes": [],
      "failures": [],
      "pending": [],
      "skipped": [],
      "duration": 0,
      "root": true,
      "rootEmpty": true,
      "_timeout": 2000
    }
  ],
  "meta": {
    "mocha": {
      "version": "7.0.1"
    },
    "mochawesome": {
      "options": {
        "quiet": false,
        "reportFilename": "mochawesome",
        "saveHtml": false,
        "saveJson": true,
        "consoleReporter": "spec",
        "useInlineDiffs": false,
        "code": true
      },
      "version": "7.1.3"
    },
    "marge": {
      "options": {
        "overwrite": false,
        "html": false,
        "json": true
      },
      "version": "6.2.0"
    }
  }
}