{
  "stats": {
    "suites": 1,
    "tests": 1,
    "passes": 1,
    "pending": 0,
    "failures": 0,
    "start": "2024-12-02T07:04:02.988Z",
    "end": "2024-12-02T07:04:13.359Z",
    "duration": 10371,
    "testsRegistered": 1,
    "passPercent": 100,
    "pendingPercent": 0,
    "other": 0,
    "hasOther": false,
    "skipped": 0,
    "hasSkipped": false
  },
  "results": [
    {
      "uuid": "3fb70471-7d2c-4921-a126-f34e7329fa31",
      "title": "",
      "fullFile": "cypress\\e2e\\RegFixtures.cy.js",
      "file": "cypress\\e2e\\RegFixtures.cy.js",
      "beforeHooks": [],
      "afterHooks": [],
      "tests": [],
      "suites": [
        {
          "uuid": "af966e8a-cb7e-4cec-ae21-19d25e90a89d",
          "title": "fixtures",
          "fullFile": "",
          "file": "",
          "beforeHooks": [],
          "afterHooks": [],
          "tests": [
            {
              "title": "fixture",
              "fullTitle": "fixtures fixture",
              "timedOut": null,
              "duration": 6542,
              "state": "passed",
              "speed": "medium",
              "pass": true,
              "fail": false,
              "pending": false,
              "context": null,
              "code": "cy.visit('https://mytestingthoughts.com/Sample/home.html');\ncy.get(\"input[placeholder='First Name']\").type(this.data.FirstName);\ncy.get(\"input[placeholder='Last Name']\").type(this.data.LastName);\ncy.get(\"input[type='radio'][id='inlineRadioFemale']\").check(this.data.Gender);\ncy.get(\"select[id='exampleFormControlSelect2']\").select(this.data.Hobbies[1]);\ncy.get(\"select[name='department']\").select(this.data.Department[2]);\ncy.get(\"input[placeholder='Username']\").type(this.data.Username);\ncy.get(\"input[placeholder='Password']\").type(this.data.Password);\ncy.get(\"input[placeholder='Confirm Password']\").type(this.data.CnfPwd);\ncy.get(\"input[placeholder='E-Mail Address']\").type(this.data.Email);\ncy.get(\"input[placeholder='(639)']\").type(this.data.ContactNo);\ncy.get(\"textarea[id='exampleFormControlTextarea1']\").type(String(this.data.add));\ncy.get(\"button[type='submit']\").click();",
              "err": {},
              "uuid": "06e4e977-d73d-4f29-9aea-a4227da9440c",
              "parentUUID": "af966e8a-cb7e-4cec-ae21-19d25e90a89d",
              "isHook": false,
              "skipped": false
            }
          ],
          "suites": [],
          "passes": [
            "06e4e977-d73d-4f29-9aea-a4227da9440c"
          ],
          "failures": [],
          "pending": [],
          "skipped": [],
          "duration": 6542,
          "root": false,
          "rootEmpty": false,
          "_timeout": 2000
        }
      ],
      "passes": [],
      "failures": [],
      "pending": [],
      "skipped": [],
      "duration": 0,
      "root": true,
      "rootEmpty": true,
      "_timeout": 2000
    }
  ],
  "meta": {
    "mocha": {
      "version": "7.0.1"
    },
    "mochawesome": {
      "options": {
        "quiet": false,
        "reportFilename": "mochawesome",
        "saveHtml": false,
        "saveJson": true,
        "consoleReporter": "spec",
        "useInlineDiffs": false,
        "code": true
      },
      "version": "7.1.3"
    },
    "marge": {
      "options": {
        "overwrite": false,
        "html": false,
        "json": true
      },
      "version": "6.2.0"
    }
  }
}