{
  "stats": {
    "suites": 1,
    "tests": 1,
    "passes": 1,
    "pending": 0,
    "failures": 0,
    "start": "2024-12-02T07:04:20.399Z",
    "end": "2024-12-02T07:04:28.540Z",
    "duration": 8141,
    "testsRegistered": 1,
    "passPercent": 100,
    "pendingPercent": 0,
    "other": 0,
    "hasOther": false,
    "skipped": 0,
    "hasSkipped": false
  },
  "results": [
    {
      "uuid": "fe4d051e-8827-42e3-a324-37ef166bf15d",
      "title": "",
      "fullFile": "cypress\\e2e\\website.cy.js",
      "file": "cypress\\e2e\\website.cy.js",
      "beforeHooks": [],
      "afterHooks": [],
      "tests": [],
      "suites": [
        {
          "uuid": "c5d40a31-1ec1-45cd-b646-a7549651537c",
          "title": "Launch Website",
          "fullFile": "",
          "file": "",
          "beforeHooks": [],
          "afterHooks": [],
          "tests": [
            {
              "title": "should open the specified website",
              "fullTitle": "Launch Website should open the specified website",
              "timedOut": null,
              "duration": 5073,
              "state": "passed",
              "speed": "medium",
              "pass": true,
              "fail": false,
              "pending": false,
              "context": null,
              "code": "cy.visit('https://avantidash-dot-indihood-qa-in.appspot.com/');",
              "err": {},
              "uuid": "b95af174-16a1-45fa-8231-4e50d1e6d745",
              "parentUUID": "c5d40a31-1ec1-45cd-b646-a7549651537c",
              "isHook": false,
              "skipped": false
            }
          ],
          "suites": [],
          "passes": [
            "b95af174-16a1-45fa-8231-4e50d1e6d745"
          ],
          "failures": [],
          "pending": [],
          "skipped": [],
          "duration": 5073,
          "root": false,
          "rootEmpty": false,
          "_timeout": 2000
        }
      ],
      "passes": [],
      "failures": [],
      "pending": [],
      "skipped": [],
      "duration": 0,
      "root": true,
      "rootEmpty": true,
      "_timeout": 2000
    }
  ],
  "meta": {
    "mocha": {
      "version": "7.0.1"
    },
    "mochawesome": {
      "options": {
        "quiet": false,
        "reportFilename": "mochawesome",
        "saveHtml": false,
        "saveJson": true,
        "consoleReporter": "spec",
        "useInlineDiffs": false,
        "code": true
      },
      "version": "7.1.3"
    },
    "marge": {
      "options": {
        "overwrite": false,
        "html": false,
        "json": true
      },
      "version": "6.2.0"
    }
  }
}