{
  "stats": {
    "suites": 1,
    "tests": 1,
    "passes": 0,
    "pending": 0,
    "failures": 1,
    "start": "2024-12-02T07:03:16.384Z",
    "end": "2024-12-02T07:03:17.747Z",
    "duration": 1363,
    "testsRegistered": 1,
    "passPercent": 0,
    "pendingPercent": 0,
    "other": 0,
    "hasOther": false,
    "skipped": 0,
    "hasSkipped": false
  },
  "results": [
    {
      "uuid": "60af94fc-4642-4810-a043-23b18e14e82b",
      "title": "",
      "fullFile": "cypress\\e2e\\Fixtures.cy.js",
      "file": "cypress\\e2e\\Fixtures.cy.js",
      "beforeHooks": [],
      "afterHooks": [],
      "tests": [],
      "suites": [
        {
          "uuid": "b5dca8f7-5102-496d-96b4-97942f7c4624",
          "title": "fixtures",
          "fullFile": "",
          "file": "",
          "beforeHooks": [],
          "afterHooks": [],
          "tests": [
            {
              "title": "fixture",
              "fullTitle": "fixtures fixture",
              "timedOut": null,
              "duration": 1251,
              "state": "failed",
              "speed": null,
              "pass": false,
              "fail": true,
              "pending": false,
              "context": null,
              "code": "cy.visit('https://demo.opencart.com/admin/');\ncy.get(\"input[placeholder='Username']\").type(this.data.Username);\ncy.get(\"input[placeholder='Password']\").type(this.data.Password);",
              "err": {
                "message": "CypressError: `cy.visit()` failed trying to load:\n\nhttps://demo.opencart.com/admin/\n\nThe response we received from your web server was:\n\n  > 403: Forbidden\n\nThis was considered a failure because the status code was not `2xx`.\n\nIf you do not want status codes to cause failures pass the option: `failOnStatusCode: false`",
                "estack": "CypressError: `cy.visit()` failed trying to load:\n\nhttps://demo.opencart.com/admin/\n\nThe response we received from your web server was:\n\n  > 403: Forbidden\n\nThis was considered a failure because the status code was not `2xx`.\n\nIf you do not want status codes to cause failures pass the option: `failOnStatusCode: false`\n    at <unknown> (http://localhost:49707/__cypress/runner/cypress_runner.js:147666:84)\n    at visitFailedByErr (http://localhost:49707/__cypress/runner/cypress_runner.js:147074:12)\n    at <unknown> (http://localhost:49707/__cypress/runner/cypress_runner.js:147649:13)\n    at tryCatcher (http://localhost:49707/__cypress/runner/cypress_runner.js:18744:23)\n    at Promise._settlePromiseFromHandler (http://localhost:49707/__cypress/runner/cypress_runner.js:16679:31)\n    at Promise._settlePromise (http://localhost:49707/__cypress/runner/cypress_runner.js:16736:18)\n    at Promise._settlePromise0 (http://localhost:49707/__cypress/runner/cypress_runner.js:16781:10)\n    at Promise._settlePromises (http://localhost:49707/__cypress/runner/cypress_runner.js:16857:18)\n    at _drainQueueStep (http://localhost:49707/__cypress/runner/cypress_runner.js:13451:12)\n    at _drainQueue (http://localhost:49707/__cypress/runner/cypress_runner.js:13444:9)\n    at ../../node_modules/bluebird/js/release/async.js.Async._drainQueues (http://localhost:49707/__cypress/runner/cypress_runner.js:13460:5)\n    at Async.drainQueues (http://localhost:49707/__cypress/runner/cypress_runner.js:13330:14)\nFrom Your Spec Code:\n    at Context.eval (webpack:///./cypress/e2e/Fixtures.cy.js:13:10)",
                "diff": null
              },
              "uuid": "83ae8e22-9935-4cce-a5f8-c49ede4c3e90",
              "parentUUID": "b5dca8f7-5102-496d-96b4-97942f7c4624",
              "isHook": false,
              "skipped": false
            }
          ],
          "suites": [],
          "passes": [],
          "failures": [
            "83ae8e22-9935-4cce-a5f8-c49ede4c3e90"
          ],
          "pending": [],
          "skipped": [],
          "duration": 1251,
          "root": false,
          "rootEmpty": false,
          "_timeout": 2000
        }
      ],
      "passes": [],
      "failures": [],
      "pending": [],
      "skipped": [],
      "duration": 0,
      "root": true,
      "rootEmpty": true,
      "_timeout": 2000
    }
  ],
  "meta": {
    "mocha": {
      "version": "7.0.1"
    },
    "mochawesome": {
      "options": {
        "quiet": false,
        "reportFilename": "mochawesome",
        "saveHtml": false,
        "saveJson": true,
        "consoleReporter": "spec",
        "useInlineDiffs": false,
        "code": true
      },
      "version": "7.1.3"
    },
    "marge": {
      "options": {
        "overwrite": false,
        "html": false,
        "json": true
      },
      "version": "6.2.0"
    }
  }
}