{
  "stats": {
    "suites": 1,
    "tests": 1,
    "passes": 1,
    "pending": 0,
    "failures": 0,
    "start": "2024-12-02T07:05:17.499Z",
    "end": "2024-12-02T07:05:28.629Z",
    "duration": 11130,
    "testsRegistered": 1,
    "passPercent": 100,
    "pendingPercent": 0,
    "other": 0,
    "hasOther": false,
    "skipped": 0,
    "hasSkipped": false
  },
  "results": [
    {
      "uuid": "61e6f17e-761f-4fad-a7aa-9dc72ea0630c",
      "title": "",
      "fullFile": "cypress\\e2e\\Week3POM.cy.js",
      "file": "cypress\\e2e\\Week3POM.cy.js",
      "beforeHooks": [],
      "afterHooks": [],
      "tests": [],
      "suites": [
        {
          "uuid": "a4bf5818-a7a6-4dda-ad3b-29ce23ec061c",
          "title": "POM",
          "fullFile": "",
          "file": "",
          "beforeHooks": [],
          "afterHooks": [],
          "tests": [
            {
              "title": "POM",
              "fullTitle": "POM POM",
              "timedOut": null,
              "duration": 7422,
              "state": "passed",
              "speed": "medium",
              "pass": true,
              "fail": false,
              "pending": false,
              "context": null,
              "code": "const rp = new _RegPage.default();\nrp.visit();\nrp.Fname('swathi');\nrp.Lname('MK');\nrp.Gender();\nrp.Hobbies();\nrp.Dept();\nrp.username(\"swathimk09\");\nrp.Password(\"cloud202\");\nrp.Confpassword(\"cloud202\");\nrp.Email(\"swathi@gmail.com\");\nrp.Contact(\"919876789833\");\nrp.AddInfo(\"thanks\");\nrp.Submit();",
              "err": {},
              "uuid": "f42f7373-878b-4eff-8793-2f56b7ad9ff8",
              "parentUUID": "a4bf5818-a7a6-4dda-ad3b-29ce23ec061c",
              "isHook": false,
              "skipped": false
            }
          ],
          "suites": [],
          "passes": [
            "f42f7373-878b-4eff-8793-2f56b7ad9ff8"
          ],
          "failures": [],
          "pending": [],
          "skipped": [],
          "duration": 7422,
          "root": false,
          "rootEmpty": false,
          "_timeout": 2000
        }
      ],
      "passes": [],
      "failures": [],
      "pending": [],
      "skipped": [],
      "duration": 0,
      "root": true,
      "rootEmpty": true,
      "_timeout": 2000
    }
  ],
  "meta": {
    "mocha": {
      "version": "7.0.1"
    },
    "mochawesome": {
      "options": {
        "quiet": false,
        "reportFilename": "mochawesome",
        "saveHtml": false,
        "saveJson": true,
        "consoleReporter": "spec",
        "useInlineDiffs": false,
        "code": true
      },
      "version": "7.1.3"
    },
    "marge": {
      "options": {
        "overwrite": false,
        "html": false,
        "json": true
      },
      "version": "6.2.0"
    }
  }
}